<?xml version="1.0" encoding="UTF-8"?>
<!-- Generated by org.testng.reporters.JUnitXMLReporter -->
<testsuite ignored="3" hostname="DESKTOP-O90M1PQ" failures="0" tests="2" name="Test" time="17.87" errors="0" timestamp="2025-06-13T20:28:24 IST">
  <testcase classname="testScript.ManageNewsTest" name="addNews" time="2.668"/>
  <testcase classname="testScript.LoginTest" name="verifyTheUserIsAbleToLoginUsingValidCredentials" time="2.933"/>
  <testcase classname="testScript.LoginTest" name="verifyAlertMessageIsComingOnGivingInvalidPassword" time="0.0">
    <ignored/>
  </testcase> <!-- verifyAlertMessageIsComingOnGivingInvalidPassword -->
  <testcase classname="testScript.LoginTest" name="verifyAlertMessageIsComingOnGivingInvalidUsername" time="0.0">
    <ignored/>
  </testcase> <!-- verifyAlertMessageIsComingOnGivingInvalidUsername -->
  <testcase classname="testScript.LoginTest" name="verifyAlertMessageIsComingOnGivingInvalidCredentials" time="0.0">
    <ignored/>
  </testcase> <!-- verifyAlertMessageIsComingOnGivingInvalidCredentials -->
</testsuite> <!-- Test -->
