<?xml version="1.0" encoding="UTF-8"?>
<testng-results ignored="0" total="2" passed="2" failed="0" skipped="0">
  <reporter-output>
  </reporter-output>
  <suite started-at="2025-06-13T20:48:33 IST" name="ParallelTesting_Test" finished-at="2025-06-13T20:48:45 IST" duration-ms="11787">
    <groups>
    </groups>
    <test started-at="2025-06-13T20:48:33 IST" name="ChromeTest" finished-at="2025-06-13T20:48:45 IST" duration-ms="11779">
      <class name="testScript.ManageNewsTest">
        <test-method is-config="true" signature="browserInitialization(java.lang.String)[pri:0, instance:testScript.ManageNewsTest@327514f]" started-at="2025-06-13T20:48:33 IST" name="browserInitialization" finished-at="2025-06-13T20:48:41 IST" duration-ms="8041" status="PASS">
          <params>
            <param index="0">
              <value>
                <![CDATA[chrome]]>
              </value>
            </param>
          </params>
          <reporter-output>
          </reporter-output>
        </test-method> <!-- browserInitialization -->
        <test-method signature="addNews()[pri:0, instance:testScript.ManageNewsTest@327514f]" started-at="2025-06-13T20:48:41 IST" name="addNews" finished-at="2025-06-13T20:48:44 IST" duration-ms="3126" status="PASS">
          <reporter-output>
          </reporter-output>
        </test-method> <!-- addNews -->
        <test-method is-config="true" signature="driverQuit()[pri:0, instance:testScript.ManageNewsTest@327514f]" started-at="2025-06-13T20:48:44 IST" name="driverQuit" finished-at="2025-06-13T20:48:45 IST" duration-ms="516" status="PASS">
          <reporter-output>
          </reporter-output>
        </test-method> <!-- driverQuit -->
      </class> <!-- testScript.ManageNewsTest -->
    </test> <!-- ChromeTest -->
    <test started-at="2025-06-13T20:48:33 IST" name="EdgeTest" finished-at="2025-06-13T20:48:45 IST" duration-ms="11787">
      <class name="testScript.ManageNewsTest">
        <test-method is-config="true" signature="browserInitialization(java.lang.String)[pri:0, instance:testScript.ManageNewsTest@43c1b556]" started-at="2025-06-13T20:48:33 IST" name="browserInitialization" finished-at="2025-06-13T20:48:41 IST" duration-ms="7561" status="PASS">
          <params>
            <param index="0">
              <value>
                <![CDATA[chrome]]>
              </value>
            </param>
          </params>
          <reporter-output>
          </reporter-output>
        </test-method> <!-- browserInitialization -->
        <test-method signature="addNews()[pri:0, instance:testScript.ManageNewsTest@43c1b556]" started-at="2025-06-13T20:48:41 IST" name="addNews" finished-at="2025-06-13T20:48:44 IST" duration-ms="3807" status="PASS">
          <reporter-output>
          </reporter-output>
        </test-method> <!-- addNews -->
        <test-method is-config="true" signature="driverQuit()[pri:0, instance:testScript.ManageNewsTest@43c1b556]" started-at="2025-06-13T20:48:44 IST" name="driverQuit" finished-at="2025-06-13T20:48:45 IST" duration-ms="331" status="PASS">
          <reporter-output>
          </reporter-output>
        </test-method> <!-- driverQuit -->
      </class> <!-- testScript.ManageNewsTest -->
    </test> <!-- EdgeTest -->
  </suite> <!-- ParallelTesting_Test -->
</testng-results>
