<?xml version="1.0" encoding="UTF-8"?>
<testng-results ignored="0" total="1" passed="1" failed="0" skipped="0">
  <reporter-output>
  </reporter-output>
  <suite started-at="2025-06-19T20:51:03 IST" name="Suite" finished-at="2025-06-19T20:51:12 IST" duration-ms="9381">
    <groups>
    </groups>
    <test started-at="2025-06-19T20:51:03 IST" name="ChromeTest" finished-at="2025-06-19T20:51:12 IST" duration-ms="9381">
      <class name="testScript.AdminUserTest">
        <test-method is-config="true" signature="browserInitialization(java.lang.String)[pri:0, instance:testScript.AdminUserTest@446a1e84]" started-at="2025-06-19T20:51:03 IST" name="browserInitialization" finished-at="2025-06-19T20:51:08 IST" duration-ms="5323" status="PASS">
          <params>
            <param index="0">
              <value>
                <![CDATA[chrome]]>
              </value>
            </param>
          </params>
          <reporter-output>
          </reporter-output>
        </test-method> <!-- browserInitialization -->
        <test-method signature="addAdmin()[pri:0, instance:testScript.AdminUserTest@446a1e84]" started-at="2025-06-19T20:51:08 IST" name="addAdmin" finished-at="2025-06-19T20:51:12 IST" duration-ms="3388" status="PASS">
          <reporter-output>
          </reporter-output>
        </test-method> <!-- addAdmin -->
        <test-method is-config="true" signature="browserQuit(org.testng.ITestResult)[pri:0, instance:testScript.AdminUserTest@446a1e84]" started-at="2025-06-19T20:51:12 IST" name="browserQuit" finished-at="2025-06-19T20:51:12 IST" duration-ms="593" status="PASS">
          <params>
            <param index="0">
              <value>
                <![CDATA[[TestResult name=addAdmin status=SUCCESS method=AdminUserTest.addAdmin()[pri:0, instance:testScript.AdminUserTest@446a1e84] output={null}]]]>
              </value>
            </param>
          </params>
          <reporter-output>
          </reporter-output>
        </test-method> <!-- browserQuit -->
      </class> <!-- testScript.AdminUserTest -->
    </test> <!-- ChromeTest -->
  </suite> <!-- Suite -->
</testng-results>
